Microsoft (R) Macro Assembler Version 14.00.24210.0	    11/11/17 21:58:21
Source.asm						     Page 1 - 1


				.386
				.model	flat, stdcall

				includelib	msvcrt.lib
				printf	PROTO C :dword, :vararg

 00000000			.data
 00000000 00000000			Xn		dd	0
 00000004 00000000			Numm	dd	0
 00000008 00000000			Numa	dd	0
 0000000C 00000000			Numc	dd	0

 00000010 25 64 0A 00			OutInt	db	'%d', 0ah, 0

 00000000			.code
 00000000			start	PROC
 00000000  B8 00000001			mov	EAX, 1
 00000005  A3 00000000 R		mov	Xn,	EAX				;seed

 0000000A  B8 00000001			mov	EAX, 1
 0000000F  C1 E0 1F			shl	EAX, 31
 00000012  A3 00000004 R		mov	Numm, EAX			;set m

 00000017  B8 41C64E6D			mov	EAX, 1103515245
 0000001C  A3 00000008 R		mov	Numa, EAX			;set a

 00000021  B8 00003039			mov	EAX, 12345
 00000026  A3 0000000C R		mov	Numc, EAX			;set c

 0000002B  BA 00000001			mov	EDX, 1
					.while	EDX <= 100
 00000032  52					push	EDX
 00000033  A1 00000000 R				mov	EAX, Xn
 00000038  8B 1D 00000004 R				mov	EBX, Numm
 0000003E  8B 0D 00000008 R				mov	ECX, Numa

 00000044  F7 E1					mul	ECX
 00000046  8B 0D 0000000C R				mov	ECX, Numc
 0000004C  03 C1					add	EAX, ECX

 0000004E  F7 F3					div	EBX

 00000050  89 15 00000000 R				mov	Xn, EDX

							invoke	printf, offset OutInt, Xn
 00000069  5A					pop	EDX
 0000006A  42					inc	EDX
					.endw

 00000070  C3				ret
 00000071			start	ENDP
				END	start
Microsoft (R) Macro Assembler Version 14.00.24210.0	    11/11/17 21:58:21
Source.asm						     Symbols 2 - 1




Segments and Groups:

                N a m e                 Size     Length   Align   Combine Class

FLAT . . . . . . . . . . . . . .	GROUP
_DATA  . . . . . . . . . . . . .	32 Bit	 00000014 DWord	  Public  'DATA'	
_TEXT  . . . . . . . . . . . . .	32 Bit	 00000071 DWord	  Public  'CODE'	


Procedures, parameters, and locals:

                N a m e                 Type     Value    Attr

printf . . . . . . . . . . . . .	P Near	 00000000 FLAT	Length= 00000000 External C
start  . . . . . . . . . . . . .	P Near	 00000000 _TEXT	Length= 00000071 Public STDCALL


Symbols:

                N a m e                 Type     Value    Attr

@CodeSize  . . . . . . . . . . .	Number	 00000000h   
@DataSize  . . . . . . . . . . .	Number	 00000000h   
@Interface . . . . . . . . . . .	Number	 00000003h   
@Model . . . . . . . . . . . . .	Number	 00000007h   
@code  . . . . . . . . . . . . .	Text   	 _TEXT
@data  . . . . . . . . . . . . .	Text   	 FLAT
@fardata?  . . . . . . . . . . .	Text   	 FLAT
@fardata . . . . . . . . . . . .	Text   	 FLAT
@stack . . . . . . . . . . . . .	Text   	 FLAT
Numa . . . . . . . . . . . . . .	DWord	 00000008 _DATA	
Numc . . . . . . . . . . . . . .	DWord	 0000000C _DATA	
Numm . . . . . . . . . . . . . .	DWord	 00000004 _DATA	
OutInt . . . . . . . . . . . . .	Byte	 00000010 _DATA	
Xn . . . . . . . . . . . . . . .	DWord	 00000000 _DATA	

	   0 Warnings
	   0 Errors
